<?xml version="1.0" encoding="UTF-8"?>
<!-- Generated by org.testng.reporters.JUnitXMLReporter -->
<testsuite hostname="Alkesh" ignored="0" name="testng" tests="4" failures="0" timestamp="2021-05-14T20:03:35 IST" time="45.628" errors="0">
  <testcase name="testMethod" time="3.36" classname="com.demoaut.newtours.qa.testcases.RegistrationPageTest"/>
  <testcase name="testMethod" time="3.199" classname="com.demoaut.newtours.qa.testcases.RegistrationPageTest"/>
  <testcase name="testMethod" time="2.717" classname="com.demoaut.newtours.qa.testcases.RegistrationPageTest"/>
  <testcase name="testMethod" time="2.461" classname="com.demoaut.newtours.qa.testcases.RegistrationPageTest"/>
</testsuite> <!-- testng -->
